Using pre-set license
Built from '2021.3/staging' branch; Version is '2021.3.6f1 (7da38d85baf6) revision 8233869'; Using compiler version '192829333'; Build Type 'Release'
OS: 'Windows 10  (10.0.19043) 64bit Professional' Language: 'ko' Physical Memory: 16040 MB
BatchMode: 1, IsHumanControllingUs: 0, StartBugReporterOnCrash: 0, Is64bit: 1, IsPro: 1

COMMAND LINE ARGUMENTS:
C:\Program Files\Unity\Hub\Editor\2021.3.6f1\Editor\Unity.exe
-adb2
-batchMode
-noUpm
-name
AssetImportWorker0
-projectPath
F:/Atents Class/GameClientProGramming
-logFile
Logs/AssetImportWorker0.log
-srvPort
49386
Successfully changed project path to: F:/Atents Class/GameClientProGramming
F:/Atents Class/GameClientProGramming
[UnityMemory] Configuration Parameters - Can be set up in boot.config
    "memorysetup-bucket-allocator-granularity=16"
    "memorysetup-bucket-allocator-bucket-count=8"
    "memorysetup-bucket-allocator-block-size=33554432"
    "memorysetup-bucket-allocator-block-count=8"
    "memorysetup-main-allocator-block-size=16777216"
    "memorysetup-thread-allocator-block-size=16777216"
    "memorysetup-gfx-main-allocator-block-size=16777216"
    "memorysetup-gfx-thread-allocator-block-size=16777216"
    "memorysetup-cache-allocator-block-size=4194304"
    "memorysetup-typetree-allocator-block-size=2097152"
    "memorysetup-profiler-bucket-allocator-granularity=16"
    "memorysetup-profiler-bucket-allocator-bucket-count=8"
    "memorysetup-profiler-bucket-allocator-block-size=33554432"
    "memorysetup-profiler-bucket-allocator-block-count=8"
    "memorysetup-profiler-allocator-block-size=16777216"
    "memorysetup-profiler-editor-allocator-block-size=1048576"
    "memorysetup-temp-allocator-size-main=16777216"
    "memorysetup-job-temp-allocator-block-size=2097152"
    "memorysetup-job-temp-allocator-block-size-background=1048576"
    "memorysetup-job-temp-allocator-reduction-small-platforms=262144"
    "memorysetup-temp-allocator-size-background-worker=32768"
    "memorysetup-temp-allocator-size-job-worker=262144"
    "memorysetup-temp-allocator-size-preload-manager=33554432"
    "memorysetup-temp-allocator-size-nav-mesh-worker=65536"
    "memorysetup-temp-allocator-size-audio-worker=65536"
    "memorysetup-temp-allocator-size-cloud-worker=32768"
    "memorysetup-temp-allocator-size-gi-baking-worker=262144"
    "memorysetup-temp-allocator-size-gfx=262144"
Refreshing native plugins compatible for Editor in 92.57 ms, found 3 plugins.
Preloading 0 native plugins for Editor in 0.00 ms.
Initialize engine version: 2021.3.6f1 (7da38d85baf6)
[Subsystems] Discovering subsystems at path C:/Program Files/Unity/Hub/Editor/2021.3.6f1/Editor/Data/Resources/UnitySubsystems
[Subsystems] Discovering subsystems at path F:/Atents Class/GameClientProGramming/Assets
GfxDevice: creating device client; threaded=0; jobified=0
Direct3D:
    Version:  Direct3D 11.0 [level 11.1]
    Renderer: Intel(R) UHD Graphics 630 (ID=0x3e92)
    Vendor:   Intel
    VRAM:     8020 MB
    Driver:   27.20.100.8681
Initialize mono
Mono path[0] = 'C:/Program Files/Unity/Hub/Editor/2021.3.6f1/Editor/Data/Managed'
Mono path[1] = 'C:/Program Files/Unity/Hub/Editor/2021.3.6f1/Editor/Data/MonoBleedingEdge/lib/mono/unityjit-win32'
Mono config path = 'C:/Program Files/Unity/Hub/Editor/2021.3.6f1/Editor/Data/MonoBleedingEdge/etc'
Using monoOptions --debugger-agent=transport=dt_socket,embedding=1,server=y,suspend=n,address=127.0.0.1:56328
Begin MonoManager ReloadAssembly
Registering precompiled unity dll's ...
Register platform support module: C:/Program Files/Unity/Hub/Editor/2021.3.6f1/Editor/Data/PlaybackEngines/WebGLSupport/UnityEditor.WebGL.Extensions.dll
Register platform support module: C:/Program Files/Unity/Hub/Editor/2021.3.6f1/Editor/Data/PlaybackEngines/WindowsStandaloneSupport/UnityEditor.WindowsStandalone.Extensions.dll
Registered in 0.019793 seconds.
Native extension for WindowsStandalone target not found
Native extension for WebGL target not found
Refreshing native plugins compatible for Editor in 87.30 ms, found 3 plugins.
Preloading 0 native plugins for Editor in 0.00 ms.
Mono: successfully reloaded assembly
- Completed reload, in  0.719 seconds
Domain Reload Profiling:
	ReloadAssembly (720ms)
		BeginReloadAssembly (108ms)
			ExecutionOrderSort (0ms)
			DisableScriptedObjects (0ms)
			BackupInstance (0ms)
			ReleaseScriptingObjects (0ms)
			CreateAndSetChildDomain (1ms)
		EndReloadAssembly (471ms)
			LoadAssemblies (104ms)
			RebuildTransferFunctionScriptingTraits (0ms)
			SetupTypeCache (106ms)
			ReleaseScriptCaches (0ms)
			RebuildScriptCaches (28ms)
			SetupLoadedEditorAssemblies (277ms)
				LogAssemblyErrors (0ms)
				InitializePlatformSupportModulesInManaged (13ms)
				SetLoadedEditorAssemblies (0ms)
				RefreshPlugins (87ms)
				BeforeProcessingInitializeOnLoad (1ms)
				ProcessInitializeOnLoadAttributes (122ms)
				ProcessInitializeOnLoadMethodAttributes (53ms)
				AfterProcessingInitializeOnLoad (0ms)
				EditorAssembliesLoaded (0ms)
			ExecutionOrderSort2 (0ms)
			AwakeInstancesAfterBackupRestoration (0ms)
Platform modules already initialized, skipping
Registering precompiled user dll's ...
Registered in 0.006620 seconds.
Begin MonoManager ReloadAssembly
Symbol file LoadedFromMemory doesn't match image F:\Atents Class\GameClientProGramming\Library\PackageCache\com.unity.visualscripting@1.7.8\Editor\VisualScripting.Core\Dependencies\YamlDotNet\Unity.VisualScripting.YamlDotNet.dll
Symbol file LoadedFromMemory doesn't match image F:\Atents Class\GameClientProGramming\Library\PackageCache\com.unity.visualscripting@1.7.8\Editor\VisualScripting.Core\Dependencies\DotNetZip\Unity.VisualScripting.IonicZip.dll
Native extension for WindowsStandalone target not found
Native extension for WebGL target not found
Refreshing native plugins compatible for Editor in 0.53 ms, found 3 plugins.
Preloading 0 native plugins for Editor in 0.00 ms.
Mono: successfully reloaded assembly
- Completed reload, in  1.146 seconds
Domain Reload Profiling:
	ReloadAssembly (1147ms)
		BeginReloadAssembly (171ms)
			ExecutionOrderSort (0ms)
			DisableScriptedObjects (7ms)
			BackupInstance (0ms)
			ReleaseScriptingObjects (0ms)
			CreateAndSetChildDomain (22ms)
		EndReloadAssembly (845ms)
			LoadAssemblies (139ms)
			RebuildTransferFunctionScriptingTraits (0ms)
			SetupTypeCache (271ms)
			ReleaseScriptCaches (1ms)
			RebuildScriptCaches (47ms)
			SetupLoadedEditorAssemblies (387ms)
				LogAssemblyErrors (0ms)
				InitializePlatformSupportModulesInManaged (11ms)
				SetLoadedEditorAssemblies (1ms)
				RefreshPlugins (1ms)
				BeforeProcessingInitializeOnLoad (101ms)
				ProcessInitializeOnLoadAttributes (229ms)
				ProcessInitializeOnLoadMethodAttributes (27ms)
				AfterProcessingInitializeOnLoad (19ms)
				EditorAssembliesLoaded (0ms)
			ExecutionOrderSort2 (0ms)
			AwakeInstancesAfterBackupRestoration (14ms)
Platform modules already initialized, skipping
========================================================================
Worker process is ready to serve import requests
Launched and connected shader compiler UnityShaderCompiler.exe after 0.06 seconds
Refreshing native plugins compatible for Editor in 0.56 ms, found 3 plugins.
Preloading 0 native plugins for Editor in 0.00 ms.
Unloading 3399 Unused Serialized files (Serialized files now loaded: 0)
Unloading 27 unused Assets / (112.4 KB). Loaded Objects now: 3884.
Memory consumption went from 131.2 MB to 131.1 MB.
Total: 2.898600 ms (FindLiveObjects: 0.302100 ms CreateObjectMapping: 0.236500 ms MarkObjects: 2.230900 ms  DeleteObjects: 0.127800 ms)

AssetImportParameters requested are different than current active one (requested -> active):
  custom:video-decoder-ogg-theora: a1e56fd34408186e4bbccfd4996cb3dc -> 
  custom:container-muxer-webm: aa71ff27fc2769a1b78a27578f13a17b -> 
  custom:container-demuxer-webm: 4f35f7cbe854078d1ac9338744f61a02 -> 
  custom:video-encoder-webm-vp8: eb34c28f22e8b96e1ab97ce403110664 -> 
  custom:audio-encoder-webm-vorbis: bf7c407c2cedff20999df2af8eb42d56 -> 
  custom:framework-win-MediaFoundation: 216162199b28c13a410421893ffa2e32 -> 
  custom:container-demuxer-ogg: 62fdf1f143b41e24485cea50d1cbac27 -> 
  custom:video-decoder-webm-vp8: 9c59270c3fd7afecdb556c50c9e8de78 -> 
  custom:audio-decoder-ogg-vorbis: bf7c407c2cedff20999df2af8eb42d56 -> 
========================================================================
Received Import Request.
  Time since last request: 1447503.737864 seconds.
  path: Assets/Shader/_9_13_SurfaceBasic.shader
  artifactKey: Guid(81a0f69f6c883ae43bff4c4bff9266d5) Importer(815301076,1909f56bfc062723c751e8b465ee728b)
Start importing Assets/Shader/_9_13_SurfaceBasic.shader using Guid(81a0f69f6c883ae43bff4c4bff9266d5) Importer(815301076,1909f56bfc062723c751e8b465ee728b)  -> (artifact id: '7cfd18eb433bd624fed0d0529c94381e') in 0.045041 seconds 
========================================================================
Received Import Request.
  Time since last request: 549.633202 seconds.
  path: Assets/Shader/_9_13_SurfaceBasic.shader
  artifactKey: Guid(81a0f69f6c883ae43bff4c4bff9266d5) Importer(815301076,1909f56bfc062723c751e8b465ee728b)
Start importing Assets/Shader/_9_13_SurfaceBasic.shader using Guid(81a0f69f6c883ae43bff4c4bff9266d5) Importer(815301076,1909f56bfc062723c751e8b465ee728b)  -> (artifact id: '2dc8fafb698abfbd96b86863ca08926c') in 0.002793 seconds 
========================================================================
Received Import Request.
  Time since last request: 589.256888 seconds.
  path: Assets/Shader/_9_13_SurfaceBasic.shader
  artifactKey: Guid(81a0f69f6c883ae43bff4c4bff9266d5) Importer(815301076,1909f56bfc062723c751e8b465ee728b)
Start importing Assets/Shader/_9_13_SurfaceBasic.shader using Guid(81a0f69f6c883ae43bff4c4bff9266d5) Importer(815301076,1909f56bfc062723c751e8b465ee728b)  -> (artifact id: '591253f7892e4a09447c2e6abeb6db04') in 0.002979 seconds 
========================================================================
Received Import Request.
  Time since last request: 16271.304666 seconds.
  path: Assets/Shader/_9_13_SurfaceBasic.shader
  artifactKey: Guid(81a0f69f6c883ae43bff4c4bff9266d5) Importer(815301076,1909f56bfc062723c751e8b465ee728b)
Start importing Assets/Shader/_9_13_SurfaceBasic.shader using Guid(81a0f69f6c883ae43bff4c4bff9266d5) Importer(815301076,1909f56bfc062723c751e8b465ee728b)  -> (artifact id: '460c6f60960920ede5620c0f08527405') in 0.010670 seconds 
========================================================================
Received Import Request.
  Time since last request: 0.427899 seconds.
  path: Assets/Shader/_9_13_SurfaceBasic_shader.shader
  artifactKey: Guid(0a78fa9324ca14e45b06fcc54728c0b4) Importer(815301076,1909f56bfc062723c751e8b465ee728b)
Start importing Assets/Shader/_9_13_SurfaceBasic_shader.shader using Guid(0a78fa9324ca14e45b06fcc54728c0b4) Importer(815301076,1909f56bfc062723c751e8b465ee728b)  -> (artifact id: '9905c874d24ae0c70305b18be5351e4c') in 0.011055 seconds 
========================================================================
Received Import Request.
  Time since last request: 39.715982 seconds.
  path: Assets/Shader/_9_13_SurfaceBasic_yonghyen.shader
  artifactKey: Guid(0a78fa9324ca14e45b06fcc54728c0b4) Importer(815301076,1909f56bfc062723c751e8b465ee728b)
Start importing Assets/Shader/_9_13_SurfaceBasic_yonghyen.shader using Guid(0a78fa9324ca14e45b06fcc54728c0b4) Importer(815301076,1909f56bfc062723c751e8b465ee728b)  -> (artifact id: '26531700e0125b289793c7fdc84894e9') in 0.002723 seconds 
